<?xml version="1.0" encoding="UTF-8"?>
<!-- Generated by org.testng.reporters.JUnitReportReporter -->
<testsuite skipped="0" hostname="DELL-PC" name="com.sample.maventest.MaveDemo.SampleTest" tests="1" failures="0" timestamp="2019-12-29T12:20:00 IST" time="15.961" errors="0">
  <testcase name="testDemo" time="15.961" classname="com.sample.maventest.MaveDemo.SampleTest"/>
</testsuite> <!-- com.sample.maventest.MaveDemo.SampleTest -->
